2023-05-16 14:14:30 test test 0
2023-05-16 14:17:33 SallePrincipale/Presence 1 0
2023-05-16 14:24:16 SallePrincipale/Presence 1 0
2023-05-16 14:28:21 SallePrincipale/Presence test 0
2023-05-16 14:30:52 SallePrincipale/Presence query_visiteurs 0
2023-05-16 14:32:15 SallePrincipale/Presence test 0
2023-05-16 14:34:27 SallePrincipale/Presence test 0
2023-05-16 14:35:23 SallePrincipale/Presence test 0
2023-05-16 14:36:06 SallePrincipale/Presence test 0
2023-05-16 14:37:16 SallePrincipale/Presence test 0
2023-05-16 14:37:56 SallePrincipale/Presence test 0
2023-05-16 14:38:00 SallePrincipale/Presence test 0
2023-05-16 14:38:38 SallePrincipale/Presence test 0
2023-05-16 14:38:52 SallePrincipale/Presence test 0
2023-05-16 14:42:29 SallePrincipale/Presence test 0
2023-05-16 14:42:31 SallePrincipale/Presence test 0
2023-05-16 14:42:33 SallePrincipale/Presence test 0
2023-05-16 14:42:37 SallePrincipale/Presence test 0
2023-05-16 14:43:05 SallePrincipale/Presence test1 0
2023-05-16 14:43:07 SallePrincipale/Presence test2 0
2023-05-16 14:43:10 SallePrincipale/Presence test3 0
2023-05-16 14:43:16 SallePrincipale/Presence test4 0
2023-05-16 14:44:36 SallePrincipale/Presence test1 0
2023-05-16 14:44:46 SallePrincipale/Presence test1 0
2023-05-16 14:45:18 SallePrincipale/Presence query_visiteurs 0
2023-05-16 14:45:50 SallePrincipale/Presence query_visiteurs 0
2023-05-16 14:47:12 SallePrincipale/Presence query_visiteurs 0
2023-05-16 14:47:22 SallePrincipale/Presence query_visiteurs 0
2023-05-16 14:58:20 SallePrincipale/Presence query_visiteurs 0
2023-05-17 15:17:39 SallePrincipale/Presence test1 0
2023-05-17 15:18:54 SallePrincipale/Presence test1 0
